2021-03-05 10:44:11.253  INFO 8432 --- [restartedMain] com.binzet.BookManagementApplication     : Starting BookManagementApplication using Java 1.8.0_251 on Binzet with PID 8432 (E:\C1020G1_NguyenLongPhin\module4\bai9_aop\baitap\book_management\target\classes started by ASUS in E:\C1020G1_NguyenLongPhin\module4\bai9_aop\baitap\book_management)
2021-03-05 10:44:11.254  INFO 8432 --- [restartedMain] com.binzet.BookManagementApplication     : No active profile set, falling back to default profiles: default
2021-03-05 10:44:11.302  INFO 8432 --- [restartedMain] .e.DevToolsPropertyDefaultsPostProcessor : Devtools property defaults active! Set 'spring.devtools.add-properties' to 'false' to disable
2021-03-05 10:44:11.303  INFO 8432 --- [restartedMain] .e.DevToolsPropertyDefaultsPostProcessor : For additional web related logging consider setting the 'logging.level.web' property to 'DEBUG'
2021-03-05 10:44:11.905  INFO 8432 --- [restartedMain] .s.d.r.c.RepositoryConfigurationDelegate : Bootstrapping Spring Data JPA repositories in DEFAULT mode.
2021-03-05 10:44:11.953  INFO 8432 --- [restartedMain] .s.d.r.c.RepositoryConfigurationDelegate : Finished Spring Data repository scanning in 40 ms. Found 2 JPA repository interfaces.
2021-03-05 10:44:12.419  INFO 8432 --- [restartedMain] o.s.b.w.embedded.tomcat.TomcatWebServer  : Tomcat initialized with port(s): 1212 (http)
2021-03-05 10:44:12.425  INFO 8432 --- [restartedMain] o.apache.catalina.core.StandardService   : Starting service [Tomcat]
2021-03-05 10:44:12.425  INFO 8432 --- [restartedMain] org.apache.catalina.core.StandardEngine  : Starting Servlet engine: [Apache Tomcat/9.0.43]
2021-03-05 10:44:12.498  INFO 8432 --- [restartedMain] o.a.c.c.C.[Tomcat].[localhost].[/]       : Initializing Spring embedded WebApplicationContext
2021-03-05 10:44:12.499  INFO 8432 --- [restartedMain] w.s.c.ServletWebServerApplicationContext : Root WebApplicationContext: initialization completed in 1194 ms
2021-03-05 10:44:12.646  INFO 8432 --- [restartedMain] o.hibernate.jpa.internal.util.LogHelper  : HHH000204: Processing PersistenceUnitInfo [name: default]
2021-03-05 10:44:12.677  INFO 8432 --- [restartedMain] org.hibernate.Version                    : HHH000412: Hibernate ORM core version 5.4.28.Final
2021-03-05 10:44:12.834  INFO 8432 --- [restartedMain] o.hibernate.annotations.common.Version   : HCANN000001: Hibernate Commons Annotations {5.1.2.Final}
2021-03-05 10:44:12.894  INFO 8432 --- [restartedMain] com.zaxxer.hikari.HikariDataSource       : HikariPool-1 - Starting...
2021-03-05 10:44:13.212  INFO 8432 --- [restartedMain] com.zaxxer.hikari.HikariDataSource       : HikariPool-1 - Start completed.
2021-03-05 10:44:13.226  INFO 8432 --- [restartedMain] org.hibernate.dialect.Dialect            : HHH000400: Using dialect: org.hibernate.dialect.MySQL8Dialect
2021-03-05 10:44:13.695  INFO 8432 --- [restartedMain] o.h.e.t.j.p.i.JtaPlatformInitiator       : HHH000490: Using JtaPlatform implementation: [org.hibernate.engine.transaction.jta.platform.internal.NoJtaPlatform]
2021-03-05 10:44:13.701  INFO 8432 --- [restartedMain] j.LocalContainerEntityManagerFactoryBean : Initialized JPA EntityManagerFactory for persistence unit 'default'
2021-03-05 10:44:13.739  INFO 8432 --- [restartedMain] o.s.b.d.a.OptionalLiveReloadServer       : LiveReload server is running on port 35729
2021-03-05 10:44:13.992  WARN 8432 --- [restartedMain] JpaBaseConfiguration$JpaWebConfiguration : spring.jpa.open-in-view is enabled by default. Therefore, database queries may be performed during view rendering. Explicitly configure spring.jpa.open-in-view to disable this warning
2021-03-05 10:44:14.126  INFO 8432 --- [restartedMain] o.s.s.concurrent.ThreadPoolTaskExecutor  : Initializing ExecutorService 'applicationTaskExecutor'
2021-03-05 10:44:14.195  INFO 8432 --- [restartedMain] o.s.b.a.w.s.WelcomePageHandlerMapping    : Adding welcome page template: index
2021-03-05 10:44:14.418  INFO 8432 --- [restartedMain] o.s.b.w.embedded.tomcat.TomcatWebServer  : Tomcat started on port(s): 1212 (http) with context path ''
2021-03-05 10:44:14.427  INFO 8432 --- [restartedMain] com.binzet.BookManagementApplication     : Started BookManagementApplication in 3.536 seconds (JVM running for 4.186)
